Traceback (most recent call last):
  File "<frozen importlib._bootstrap>", line 2218, in _find_and_load_unlocked
AttributeError: 'module' object has no attribute '__path__'

During handling of the above exception, another exception occurred:

Traceback (most recent call last):
  File "app/models/models_test.py", line 2, in <module>
    from models.models import db, Location, FunRun, Theme, Challenge
ImportError: No module named 'models.models'; 'models' is not a package
Name                                                                                                     Stmts   Miss  Cover   Missing
--------------------------------------------------------------------------------------------------------------------------------------
/home/travis/virtualenv/python3.4.2/lib/python3.4/site-packages/flask/__init__                              18      0   100%   
/home/travis/virtualenv/python3.4.2/lib/python3.4/site-packages/flask/_compat                               38     23    39%   31-33, 38-53, 66-73
/home/travis/virtualenv/python3.4.2/lib/python3.4/site-packages/flask/app                                  528    338    36%   44-46, 55, 168, 170-173, 321-324, 327, 332-333, 512-515, 517-518, 532-537, 546-549, 559-562, 577-584, 589, 598, 611, 625, 637, 647-663, 676, 693-695, 708-720, 758-777, 812-815, 825, 837, 845, 857-871, 879-889, 942, 966, 983, 1011-1015, 1028-1031, 1070-1073, 1082, 1086-1094, 1110-1113, 1123, 1145-1148, 1160, 1178-1181, 1193, 1198-1199, 1208, 1219-1220, 1256-1257, 1291-1292, 1300-1301, 1309-1310, 1319-1330, 1346-1350, 1362-1381, 1392-1410, 1420, 1433-1439, 1451-1461, 1470-1481, 1490-1497, 1506-1520, 1530, 1561-1587, 1600-1606, 1618-1623, 1628-1642, 1654-1668, 1683-1694, 1707-1715, 1724-1728, 1743, 1773, 1780-1785, 1812-1825, 1829-1832, 1836, 1839
/home/travis/virtualenv/python3.4.2/lib/python3.4/site-packages/flask/blueprints                           156    118    24%   26-60, 67-75, 95-105, 113-118, 126-129, 136, 145-153, 159-163, 169-171, 181-186, 195-198, 208-210, 221-224, 236-238, 249-252, 264-266, 273-275, 281-283, 289-290, 297-299, 305-307, 316-318, 325-327, 333-335, 341-343, 349-352, 359-361, 368-370, 375-377, 382-384, 397-401
/home/travis/virtualenv/python3.4.2/lib/python3.4/site-packages/flask/config                                52     27    48%   29, 32, 99-108, 124-136, 161-165, 168
/home/travis/virtualenv/python3.4.2/lib/python3.4/site-packages/flask/ctx                                  140    103    26%   28, 31, 34, 37-40, 64-65, 91-100, 132, 142, 155-161, 165-167, 171-179, 182-183, 186, 220-257, 260, 262, 275, 284-289, 301-323, 333-366, 369-374, 377-378, 386, 389
/home/travis/virtualenv/python3.4.2/lib/python3.4/site-packages/flask/debughelpers                          35     25    29%   27-38, 41, 51-68, 76-87
/home/travis/virtualenv/python3.4.2/lib/python3.4/site-packages/flask/ext/__init__                           7      0   100%   
/home/travis/virtualenv/python3.4.2/lib/python3.4/site-packages/flask/exthook                               54     22    59%   57, 63-82, 87, 95-99, 103-119
/home/travis/virtualenv/python3.4.2/lib/python3.4/site-packages/flask/globals                               24     12    50%   18-21, 25-28, 32-35
/home/travis/virtualenv/python3.4.2/lib/python3.4/site-packages/flask/helpers                              277    192    31%   25-26, 34-35, 60-62, 99-134, 179-183, 255-316, 338, 364-367, 399-407, 470-555, 574-582, 612-616, 631-649, 664, 669-679, 683, 688, 690-699, 719-726, 757, 759, 761, 780-781, 808, 816-821, 847-849
/home/travis/virtualenv/python3.4.2/lib/python3.4/site-packages/flask/json                                  83     54    35%   39-41, 45-49, 77-83, 96-103, 108-111, 124-129, 134-138, 146-149, 155-158, 186-193, 198, 233-237, 243
/home/travis/virtualenv/python3.4.2/lib/python3.4/site-packages/flask/module                                13      7    46%   19, 34-42
/home/travis/virtualenv/python3.4.2/lib/python3.4/site-packages/flask/sessions                             143     93    35%   25, 34, 37, 61-85, 88-103, 113-116, 126, 187, 196, 202-222, 230, 238, 244, 252-253, 261, 269, 291-297, 302-313, 316-327
/home/travis/virtualenv/python3.4.2/lib/python3.4/site-packages/flask/signals                               28      2    93%   15, 32
/home/travis/virtualenv/python3.4.2/lib/python3.4/site-packages/flask/templating                            78     60    23%   25-33, 43-46, 55, 58-64, 67-88, 91-105, 110-112, 125-127, 140-142
/home/travis/virtualenv/python3.4.2/lib/python3.4/site-packages/flask/wrappers                              62     39    37%   24-27, 67-69, 78-79, 87-92, 97-98, 108, 123-148, 162, 165-172
/home/travis/virtualenv/python3.4.2/lib/python3.4/site-packages/flask_sqlalchemy/__init__                  446    242    46%   35, 41-42, 83, 111, 114, 122-133, 149-158, 164-170, 182-186, 190-195, 199-201, 215, 218, 221, 225-228, 236-237, 240-241, 245-246, 250-256, 293, 307-315, 320-324, 328-330, 335, 340, 344-346, 351, 356, 383-392, 408-411, 417-420, 429-442, 451-456, 460-465, 471-476, 479-485, 488-504, 528, 538, 543-546, 676, 693, 704, 732, 739-745, 749-753, 756-763, 775-806, 816, 820, 827-833, 838-845, 851-855, 862-869, 872-887, 895, 903, 911, 914-921
/home/travis/virtualenv/python3.4.2/lib/python3.4/site-packages/flask_sqlalchemy/_compat                    16      7    56%   18-26, 33
/home/travis/virtualenv/python3.4.2/lib/python3.4/site-packages/itsdangerous                               413    294    29%   25-28, 48, 51, 62-64, 69, 86-97, 109-110, 113, 116-118, 135-138, 148-154, 163-170, 183-191, 206-207, 215-216, 220-225, 229, 239, 243, 252, 264, 268-269, 309-320, 329-342, 346-349, 353, 357-362, 366-373, 379-383, 398, 404, 408-412, 421-467, 472-476, 514-523, 531-541, 550, 556-558, 565-569, 575, 581-582, 586, 601, 608-617, 624, 642-647, 650-652, 674-679, 682-708, 711-713, 716-719, 722-727, 731-733, 740-742, 748-756, 759-760, 780-783, 786-791, 794-811, 814-816, 819, 829-844, 847-856
/home/travis/virtualenv/python3.4.2/lib/python3.4/site-packages/jinja2/__init__                             11      0   100%   
/home/travis/virtualenv/python3.4.2/lib/python3.4/site-packages/jinja2/_compat                              98     40    59%   35-37, 50-83, 87-89, 114-116, 125, 140-141, 149-150
/home/travis/virtualenv/python3.4.2/lib/python3.4/site-packages/jinja2/_stringdefs                          68     29    57%   28-29, 84, 91-94, 97-132
/home/travis/virtualenv/python3.4.2/lib/python3.4/site-packages/jinja2/bccache                             147    104    29%   36-45, 70-73, 77, 82-91, 95-99, 103, 107-109, 146, 153, 163-169, 173, 179-183, 187, 209-212, 215-240, 243, 246-251, 254-258, 264-270, 321-324, 327-334, 337-344
/home/travis/virtualenv/python3.4.2/lib/python3.4/site-packages/jinja2/compiler                           1030    885    14%   37, 46, 58-63, 68-85, 92-98, 107-121, 125-126, 130-132, 135, 142-182, 186-190, 197-199, 205-206, 212, 219-221, 234-235, 238-239, 242-243, 256-257, 260-265, 275, 279-285, 288-316, 319, 322-323, 326-331, 335-336, 342, 345, 348, 368-417, 423, 427-428, 432-433, 437-449, 453, 457, 461-464, 468-469, 473-475, 482-490, 494-505, 509-510, 514-517, 528-570, 574-575, 579-587, 596-597, 612-622, 626-636, 652-705, 709-729, 733-742, 750-753, 758-853, 858-873, 877-920, 924-963, 967-981, 985-1033, 1039-1160, 1163-1174, 1177-1185, 1188-1194, 1197-1206, 1209-1210, 1215-1333, 1336-1369, 1375-1378, 1381-1385, 1388-1391, 1395-1401, 1404-1409, 1412-1419, 1423-1434, 1439-1446, 1464-1475, 1478-1480, 1483-1484, 1487-1489, 1493-1503, 1506-1513, 1516-1540, 1543-1548, 1551-1564, 1567-1574, 1577-1578, 1583-1585, 1588-1590, 1593, 1596, 1599, 1602, 1605, 1608, 1611, 1614-1619, 1622-1630, 1633-1640
/home/travis/virtualenv/python3.4.2/lib/python3.4/site-packages/jinja2/defaults                             19      0   100%   
/home/travis/virtualenv/python3.4.2/lib/python3.4/site-packages/jinja2/environment                         488    391    20%   49-57, 62-66, 71-75, 82-87, 92-100, 272-305, 312, 319-321, 343-366, 372, 377-390, 396-403, 411-429, 436-439, 451-455, 459, 471-476, 483, 490-496, 504, 512, 536-554, 584-599, 626-693, 711-720, 727-742, 754, 758-768, 787-791, 805-818, 829-833, 839-841, 845-847, 899-906, 913-920, 929, 933-952, 964-969, 975, 985-993, 1003, 1013, 1027-1030, 1036-1039, 1044-1046, 1051, 1055-1059, 1070-1072, 1075, 1078, 1081-1085, 1095-1096, 1099-1104, 1120-1121, 1132-1148, 1152-1153, 1157-1180, 1183, 1186
/home/travis/virtualenv/python3.4.2/lib/python3.4/site-packages/jinja2/exceptions                           70     48    31%   18-31, 34, 38-41, 53-58, 61, 73-77, 85-93, 97-116
/home/travis/virtualenv/python3.4.2/lib/python3.4/site-packages/jinja2/filters                             343    265    23%   60-70, 75-77, 86-96, 116-125, 130, 135, 162-171, 178, 185-190, 210-223, 254-265, 285-287, 313-337, 342, 348-351, 357-360, 366-369, 378-399, 408, 424-427, 441-445, 464-477, 493-496, 503, 511-518, 526-529, 541-544, 549, 555-557, 580-593, 615-625, 654-659, 701-702, 711-712, 731-733, 740, 747, 752, 759-769, 780-794, 820-840, 856, 872, 889, 904, 908-932
/home/travis/virtualenv/python3.4.2/lib/python3.4/site-packages/jinja2/lexer                               346    231    33%   41-42, 146-148, 166-168, 173-179, 186, 191-209, 218-219, 222, 231, 234-238, 247-251, 255-258, 261, 275, 278, 281-286, 297-303, 306, 309, 316, 320-324, 328-329, 335-336, 340, 344-352, 356-358, 364-378, 383-399, 412-476, 540, 545-546, 552-591, 597-731
/home/travis/virtualenv/python3.4.2/lib/python3.4/site-packages/jinja2/loaders                             221    168    24%   26-34, 88-91, 97, 107-134, 154-157, 160-178, 181-192, 212-219, 222-238, 241-257, 270, 273-276, 279, 301, 304-309, 328-329, 332-337, 340-346, 350-356, 359-363, 381, 384-389, 393-398, 401-404, 427-445, 449, 453, 457-470
/home/travis/virtualenv/python3.4.2/lib/python3.4/site-packages/jinja2/nodes                               423    223    47%   82-87, 90, 93-94, 98-104, 128-145, 155-162, 169-175, 181-182, 188-192, 200-206, 210-217, 221-226, 229, 233, 239, 365, 369, 379-388, 398-407, 421, 439, 447-450, 458-463, 474-475, 478-481, 489-490, 500-501, 509-510, 518-519, 529-537, 550-581, 601-630, 638-645, 648, 658-665, 668, 678-683, 693-694, 704-713, 768-769, 777-778, 835, 844-845, 857-863, 913
/home/travis/virtualenv/python3.4.2/lib/python3.4/site-packages/jinja2/optimizer                            31     21    32%   26-27, 33, 39-52, 56-62
/home/travis/virtualenv/python3.4.2/lib/python3.4/site-packages/jinja2/parser                              646    586     9%   31-42, 49-51, 54-82, 89, 93-96, 100-104, 108-111, 115-139, 152-166, 170-174, 178-192, 197-214, 217-231, 234-236, 239-245, 248-256, 259-263, 266-302, 305-316, 319-330, 333-337, 340-345, 348-354, 365-378, 385-387, 390-400, 403-409, 412-418, 421-424, 427-446, 449-456, 459-466, 469-476, 479-486, 489-496, 499-506, 509-516, 519-526, 529-542, 545-576, 598-631, 634-643, 646-658, 661-671, 674-686, 689-712, 715-743, 746-789, 793-810, 813-841, 844-889, 893-895
/home/travis/virtualenv/python3.4.2/lib/python3.4/site-packages/jinja2/runtime                             291    193    34%   39-45, 50, 56-70, 77, 80-81, 84, 113-123, 127-135, 141-144, 150-154, 158, 164, 174-195, 201-206, 220-222, 226, 232-235, 238, 249-250, 257-260, 265-269, 274-277, 284-297, 301-303, 313, 316, 319-322, 326-329, 338-346, 349, 362, 365, 368-374, 382-390, 395-432, 435, 460-463, 470-485, 489-491, 501, 504, 507, 510, 513, 516, 520, 523, 543-550
/home/travis/virtualenv/python3.4.2/lib/python3.4/site-packages/jinja2/tests                                47     24    49%   25, 30, 35, 52, 57, 62, 67, 72, 77, 85, 90, 97-102, 115, 120-124, 129
/home/travis/virtualenv/python3.4.2/lib/python3.4/site-packages/jinja2/utils                               263    185    30%   52-53, 65-66, 75-76, 97-98, 103-104, 113-116, 130-142, 149-153, 161-170, 177-182, 197-227, 232-276, 287-291, 316, 323-324, 327, 331-334, 338-341, 347-355, 359-364, 368, 372, 375, 386-400, 406-415, 421-430, 434-436, 440, 444, 448, 452, 458, 466, 475-476, 484-487, 491, 496, 500-502, 509-510, 513-516
/home/travis/virtualenv/python3.4.2/lib/python3.4/site-packages/jinja2/visitor                              40     31    22%   31-32, 36-39, 43-44, 59-78, 84-87
/home/travis/virtualenv/python3.4.2/lib/python3.4/site-packages/markupsafe/__init__                        155     88    43%   71-75, 78, 81-83, 86-88, 91-93, 97-101, 104, 110, 114, 118, 122, 133-146, 156-157, 165-168, 173-175, 189, 192, 198-201, 204-207, 211, 225-227, 230-238, 241, 244, 251, 254-264, 269-272, 279-280, 293-294
/home/travis/virtualenv/python3.4.2/lib/python3.4/site-packages/markupsafe/_compat                          14      5    64%   22-26
/home/travis/virtualenv/python3.4.2/lib/python3.4/site-packages/sqlalchemy/__init__                         13      0   100%   
/home/travis/virtualenv/python3.4.2/lib/python3.4/site-packages/sqlalchemy/dialects/__init__                17     13    24%   29-44
/home/travis/virtualenv/python3.4.2/lib/python3.4/site-packages/sqlalchemy/engine/__init__                  19      8    58%   384-386, 402-408
/home/travis/virtualenv/python3.4.2/lib/python3.4/site-packages/sqlalchemy/engine/base                     658    530    19%   58-85, 96, 107-109, 112, 115, 249-254, 260, 267, 280-283, 316-319, 348, 351-359, 367, 371, 388, 403, 418, 458-467, 494, 531-535, 551-555, 574-581, 584, 587, 590, 595, 598-609, 612-628, 631-644, 647-655, 658-663, 666-671, 674-683, 686-691, 694-707, 710-722, 725-726, 747-763, 771, 832-841, 846, 852-877, 882-900, 905-943, 948-965, 970-987, 995-1114, 1127-1157, 1168-1174, 1186-1284, 1287, 1331-1338, 1353, 1356, 1366-1372, 1408-1410, 1423-1426, 1432-1435, 1438, 1443-1446, 1449, 1452, 1455-1462, 1467-1468, 1471-1472, 1475-1476, 1490-1491, 1494-1495, 1499-1500, 1516-1519, 1527-1530, 1533, 1536, 1564-1576, 1595-1598, 1665, 1672, 1679, 1684, 1710-1711, 1714-1715, 1719-1723, 1727-1728, 1732-1734, 1737, 1740-1745, 1780-1786, 1827-1828, 1843-1844, 1862-1863, 1866, 1869-1870, 1873-1874, 1890, 1909, 1923-1926, 1940, 1964, 1969-1977, 1980, 1983, 1988, 1992
/home/travis/virtualenv/python3.4.2/lib/python3.4/site-packages/sqlalchemy/engine/default                  483    357    26%   85-88, 168-213, 217, 221, 225, 228-251, 265, 268-317, 324-340, 351, 355-356, 363, 370-371, 377, 380-382, 385-391, 394-395, 398-405, 409, 412, 415, 418, 427, 430, 433, 436, 439, 442, 445, 448, 454, 480-508, 515-604, 611-649, 655-662, 666, 670, 674-683, 695-715, 719, 722, 725, 728, 731, 741, 769, 772, 775, 779, 782, 785, 788-805, 813-824, 827-828, 831, 844-881, 885-896, 899-902, 905-908, 915-957
/home/travis/virtualenv/python3.4.2/lib/python3.4/site-packages/sqlalchemy/engine/interfaces               131     55    58%   166, 181, 198, 219, 250, 263, 280, 306, 311, 320, 330, 349, 372, 382, 392, 403, 413, 424, 436, 459, 470, 481, 495, 505, 515, 525, 534, 544, 554, 568, 583, 593, 599, 605, 615, 621, 638, 663, 688, 718, 822, 832, 842, 850, 856, 862, 869, 879, 914, 924, 934, 938, 945, 949, 952
/home/travis/virtualenv/python3.4.2/lib/python3.4/site-packages/sqlalchemy/engine/reflection               165    137    17%   40-56, 99-112, 133-135, 139, 150, 156-159, 190-202, 218-222, 232, 243, 276-284, 295, 319, 354, 382, 409, 433-604
/home/travis/virtualenv/python3.4.2/lib/python3.4/site-packages/sqlalchemy/engine/result                   446    353    21%   29-34, 38-98, 113, 116, 122-125, 130, 135, 138, 141, 144, 147, 150, 153, 158, 163, 168, 171, 174, 181-182, 190-272, 285-289, 292-336, 339-342, 345, 358-366, 396-403, 406-408, 412-415, 458-461, 480-483, 497, 511, 516, 537-544, 547-552, 581-595, 606-617, 628-639, 657, 667, 681-689, 703-711, 720, 729, 732-735, 738-744, 747-750, 753-759, 762-774, 780-785, 798-804, 815-823, 833-849, 857-861, 880-881, 899-901, 904-910, 913-921, 924-927, 940-941, 944, 947-950, 953-961, 964-966, 972-980, 999-1009, 1014-1020, 1025-1033
/home/travis/virtualenv/python3.4.2/lib/python3.4/site-packages/sqlalchemy/engine/strategies               130     94    28%   41, 49-169, 202-215, 219-220, 227, 230, 233, 237-240, 244-246, 252-253, 257
/home/travis/virtualenv/python3.4.2/lib/python3.4/site-packages/sqlalchemy/engine/threadlocal               80     55    31%   24-25, 28-29, 32-34, 37-38, 49-50, 53-65, 68-72, 75-79, 82-85, 88, 91-94, 97-100, 103-107, 110-114, 117-118, 122, 127-132, 135
/home/travis/virtualenv/python3.4.2/lib/python3.4/site-packages/sqlalchemy/engine/url                      110     89    19%   55-64, 67-87, 90, 93, 96, 99, 109-112, 115-118, 125-138, 154-165, 175-178, 182-224, 229, 233, 237-243
/home/travis/virtualenv/python3.4.2/lib/python3.4/site-packages/sqlalchemy/engine/util                      33     28    15%   18-27, 31-70, 73-74
/home/travis/virtualenv/python3.4.2/lib/python3.4/site-packages/sqlalchemy/event/__init__                    4      0   100%   
/home/travis/virtualenv/python3.4.2/lib/python3.4/site-packages/sqlalchemy/event/api                        24      3    88%   27, 124, 134
/home/travis/virtualenv/python3.4.2/lib/python3.4/site-packages/sqlalchemy/event/attr                      213     87    59%   70, 72-77, 81-85, 88-101, 133-140, 145-149, 213, 224, 227, 230, 240, 246-252, 258, 263, 266, 269, 286, 300, 306-318, 321-323, 328, 331-333, 336-338, 343, 346-353, 360-363, 367, 370, 373-374, 377, 380, 383, 386
/home/travis/virtualenv/python3.4.2/lib/python3.4/site-packages/sqlalchemy/event/base                       88     30    66%   38-42, 83-92, 95, 101-104, 109-111, 115, 149-153, 180, 188, 192, 199-201
/home/travis/virtualenv/python3.4.2/lib/python3.4/site-packages/sqlalchemy/event/legacy                     56     18    68%   26-51
/home/travis/virtualenv/python3.4.2/lib/python3.4/site-packages/sqlalchemy/event/registry                  130     67    48%   53-62, 74, 85-98, 102-120, 124-136, 172-175, 197, 203-216, 221, 232, 247, 250-251, 254-258
/home/travis/virtualenv/python3.4.2/lib/python3.4/site-packages/sqlalchemy/events                           95     37    61%   259-267, 478-511, 976-980, 984-992
/home/travis/virtualenv/python3.4.2/lib/python3.4/site-packages/sqlalchemy/exc                             104     48    54%   65-71, 74, 91, 148-149, 152, 161-163, 166, 226-230, 233, 236, 240-243, 251, 283-304, 307, 311-324
/home/travis/virtualenv/python3.4.2/lib/python3.4/site-packages/sqlalchemy/ext/__init__                      0      0   100%   
/home/travis/virtualenv/python3.4.2/lib/python3.4/site-packages/sqlalchemy/ext/declarative/__init__          2      0   100%   
/home/travis/virtualenv/python3.4.2/lib/python3.4/site-packages/sqlalchemy/ext/declarative/api             118     70    41%   33-39, 46-49, 80-82, 103-105, 161-162, 165, 233, 245, 280-285, 326, 333-340, 378-400, 476-488, 494-498, 506-507, 511
/home/travis/virtualenv/python3.4.2/lib/python3.4/site-packages/sqlalchemy/ext/declarative/base            278    132    53%   27, 30, 54-56, 58-60, 62-64, 70-80, 88-98, 100-106, 110-127, 130, 136-140, 144, 147, 160, 167-168, 172-175, 180, 182, 198-204, 219, 230, 239-245, 249, 256-260, 266, 272-273, 278, 284-314, 318, 355, 363-364, 370, 377-401, 420, 424-425, 429, 439, 443-460, 468-469, 481-505, 520-526
/home/travis/virtualenv/python3.4.2/lib/python3.4/site-packages/sqlalchemy/ext/declarative/clsregistry     179     83    54%   36-38, 64, 81, 84-96, 99-103, 109-121, 142, 145, 148-151, 154, 166-167, 179-190, 197, 200-217, 225-226, 229, 235-237, 250-267, 270-278, 315
/home/travis/virtualenv/python3.4.2/lib/python3.4/site-packages/sqlalchemy/inspection                       28      4    86%   62, 65, 72, 83
/home/travis/virtualenv/python3.4.2/lib/python3.4/site-packages/sqlalchemy/interfaces                       69     47    32%   83-93, 191-250, 256, 262, 267, 272, 277, 282, 287, 292, 297, 302, 307, 312
/home/travis/virtualenv/python3.4.2/lib/python3.4/site-packages/sqlalchemy/log                              79     42    47%   33-36, 55, 58, 89-96, 104, 109, 114, 122, 127-128, 133, 147-155, 160-162, 167-170, 176-196, 211-214, 217
/home/travis/virtualenv/python3.4.2/lib/python3.4/site-packages/sqlalchemy/orm/__init__                     78     20    74%   104-107, 115, 134-135, 172, 190, 213-223, 247, 252
/home/travis/virtualenv/python3.4.2/lib/python3.4/site-packages/sqlalchemy/orm/attributes                  622    466    25%   72-73, 77, 80, 85, 128, 140, 144, 147, 153, 156-157, 164, 173, 176, 179, 182, 185-188, 198, 211, 225, 229, 232-239, 252-325, 365-367, 371, 374, 434-456, 459, 464, 467, 487-490, 499-525, 542, 545, 563, 568-569, 577-613, 616, 619, 623, 628, 633-640, 645-647, 662-670, 673-682, 686-695, 699, 703, 707, 710-713, 716-717, 721, 739-741, 744-753, 756-779, 786-813, 816-822, 825-840, 863-875, 878, 881-885, 890-917, 921, 925, 928-936, 939, 942-948, 951-959, 964-966, 969, 973-980, 983-990, 993-999, 1007, 1023-1045, 1048-1049, 1054-1076, 1085-1090, 1098-1195, 1237, 1246, 1254, 1261, 1267, 1273, 1276, 1290-1313, 1317-1339, 1343-1367, 1392-1401, 1405, 1410-1412, 1416-1422, 1430-1457, 1474, 1495-1497, 1503-1505, 1523-1524, 1537-1538, 1551-1552, 1565-1566, 1576-1578
/home/travis/virtualenv/python3.4.2/lib/python3.4/site-packages/sqlalchemy/orm/base                        145     62    57%   188-192, 209, 215-218, 226-229, 233, 237, 256, 276-280, 290, 296-300, 308-312, 330-333, 337-341, 345-346, 357-372, 385-386, 390-392, 412-419
/home/travis/virtualenv/python3.4.2/lib/python3.4/site-packages/sqlalchemy/orm/collections                 691    404    42%   133-134, 137, 140, 143-154, 165-166, 169, 172-181, 197-198, 201, 205-211, 214-223, 239-243, 248-249, 252, 255, 271-272, 288, 398-399, 433-434, 488-491, 508-512, 530-533, 550-553, 575-578, 581, 586, 596, 600, 605-607, 612-614, 630-658, 663, 667, 671-673, 677, 681, 686-688, 693-695, 700, 704, 707, 720-728, 738-741, 753-755, 761, 766-768, 789-806, 821-841, 850-860, 870, 895-897, 899-901, 903, 905, 927, 932, 935, 940, 943, 950, 969-1020, 1026-1030, 1035-1038, 1043-1045, 1057-1058, 1064-1067, 1073-1074, 1080-1114, 1120-1130, 1135-1150, 1154-1155, 1163-1165, 1171-1174, 1181-1183, 1208-1211, 1217-1219, 1225-1227, 1233-1238, 1244-1247, 1253-1257, 1263-1275, 1290, 1295, 1310-1313, 1320-1323, 1330-1333, 1339-1342, 1348-1349, 1355-1356, 1362-1366, 1372-1373, 1379-1383, 1389-1395, 1401-1410, 1416-1422, 1428-1437, 1506, 1513-1514, 1521-1531, 1547-1555
/home/travis/virtualenv/python3.4.2/lib/python3.4/site-packages/sqlalchemy/orm/dependency                  478    415    13%   20-41, 49, 57, 66, 69-90, 108-212, 219, 222, 225, 228, 231-249, 254-278, 291, 294-301, 307-313, 316, 319, 331-352, 371-414, 423-442, 446-488, 502-532, 542-562, 568-577, 582, 591-592, 602-623, 637-681, 686-705, 709-725, 728-743, 746-757, 761-778, 798-806, 809-813, 818, 821, 824-827, 830-834, 837, 844-845, 848-860, 863-880, 887, 901, 924-936, 944-949, 955-985, 989-1022, 1026-1089, 1094-1134, 1140-1160, 1163
/home/travis/virtualenv/python3.4.2/lib/python3.4/site-packages/sqlalchemy/orm/deprecated_interfaces        91     50    45%   61, 65, 86-119, 130, 143, 157, 175, 200, 234, 259, 279, 300, 310, 342, 352, 367, 377, 410-426, 559-565, 576, 584, 593
/home/travis/virtualenv/python3.4.2/lib/python3.4/site-packages/sqlalchemy/orm/descriptor_props            242    191    21%   30-76, 147-158, 161-162, 169, 177-230, 234, 241-256, 260, 267-274, 279-320, 327, 334-361, 366, 370-371, 375-378, 403, 406, 410, 415-423, 426-436, 439, 442, 464-471, 474-491, 554-560, 567, 570-576, 579-604, 674-677, 680
/home/travis/virtualenv/python3.4.2/lib/python3.4/site-packages/sqlalchemy/orm/dynamic                     198    144    27%   28-34, 56-65, 68-72, 76-81, 85, 89, 93-102, 106-115, 119-129, 134-139, 142-164, 168, 171, 175-176, 180-182, 189-197, 201-202, 206-207, 211, 218-231, 234-241, 245-251, 254-260, 263-269, 275-293, 296-297, 302, 307, 318-319, 326-336, 340, 344, 348-356, 363, 366, 369-372
/home/travis/virtualenv/python3.4.2/lib/python3.4/site-packages/sqlalchemy/orm/evaluator                    87     68    22%   32, 35-39, 42, 45, 48, 51, 54-72, 75-101, 104-124, 127-135, 140-141
/home/travis/virtualenv/python3.4.2/lib/python3.4/site-packages/sqlalchemy/orm/events                      257    113    56%   56-59, 63-83, 89-90, 119, 178-191, 200-202, 207-208, 213-214, 353, 357, 364-384, 388-393, 399-407, 415, 504-514, 525, 536-537, 540-547, 551-552, 559-560, 1187, 1228-1234, 1240, 1243, 1246-1249, 1644-1647, 1654-1678
/home/travis/virtualenv/python3.4.2/lib/python3.4/site-packages/sqlalchemy/orm/exc                          60     35    42%   69-83, 86, 93-95, 98, 122-126, 129, 145-151, 156-165
/home/travis/virtualenv/python3.4.2/lib/python3.4/site-packages/sqlalchemy/orm/identity                    164    121    26%   16-17, 20, 23, 26, 29, 32-35, 38-39, 42, 49, 52, 55, 58, 61, 64, 67, 70, 76, 79-83, 86-95, 98, 101-109, 112-129, 132-138, 141-147, 150-157, 160-167, 170, 173, 176-179, 182-185, 188, 194, 197, 202-211, 214-224, 227-232, 237-247
/home/travis/virtualenv/python3.4.2/lib/python3.4/site-packages/sqlalchemy/orm/instrumentation             239    113    53%   65, 73, 78, 85, 88, 92, 97, 108-115, 123, 136-139, 152-154, 158-159, 169, 173, 184, 188, 192-193, 200-201, 204-210, 213, 217-229, 234-241, 245, 251, 255, 262-264, 267, 270-273, 276-279, 282, 286, 291-294, 297, 301, 304, 312-326, 329, 333, 342, 356-358, 361-378, 413-418, 450, 461, 491-492, 503, 505
/home/travis/virtualenv/python3.4.2/lib/python3.4/site-packages/sqlalchemy/orm/interfaces                  149     69    54%   82, 89, 104, 110, 132, 143-145, 171, 182, 189, 200, 207, 219, 222, 322, 325, 331, 339-342, 346, 350, 354, 358, 377, 395, 413, 429-446, 449-455, 458, 461-466, 469-474, 478-479, 482-484, 505-507, 519, 528, 556-559, 562, 565, 575, 578
/home/travis/virtualenv/python3.4.2/lib/python3.4/site-packages/sqlalchemy/orm/loading                     312    295     5%   29-103, 110-145, 153-174, 182-237, 254-510, 518-532, 539-555, 562-618
/home/travis/virtualenv/python3.4.2/lib/python3.4/site-packages/sqlalchemy/orm/mapper                      902    571    37%   528, 535-536, 540, 544, 573, 580, 590, 604, 607, 611, 649, 658, 889, 899-977, 984, 988, 994, 996-1000, 1002, 1007, 1017, 1020, 1027-1046, 1049-1050, 1055-1056, 1063-1064, 1068, 1075-1076, 1092-1100, 1103-1105, 1132, 1141-1142, 1144-1146, 1156, 1160-1169, 1209-1212, 1217, 1223, 1233, 1238, 1248, 1276-1280, 1286, 1295, 1301, 1322-1420, 1431-1447, 1450-1471, 1480-1483, 1487-1496, 1499-1502, 1520-1529, 1534-1541, 1549, 1571-1572, 1581-1588, 1596, 1599-1600, 1603, 1614, 1621-1644, 1651-1660, 1669, 1690-1702, 1709-1710, 1721-1722, 1744, 1749, 1753, 1761-1777, 1780, 1786-1792, 1799, 1804-1806, 1816-1839, 1847-1863, 1867-1874, 1878-1882, 1886-1893, 1913, 1917-1928, 1933, 1939-1959, 1984-1986, 2021, 2035, 2048, 2061, 2074, 2077-2079, 2091-2093, 2117-2135, 2143, 2160-2165, 2170-2171, 2178-2179, 2187, 2190-2194, 2199-2202, 2218-2224, 2237, 2243, 2247, 2260-2264, 2274, 2289, 2293-2295, 2311-2312, 2315-2317, 2325-2328, 2332-2333, 2336-2337, 2340-2342, 2351-2352, 2365-2430, 2448-2474, 2480, 2484-2527, 2530-2534, 2541-2554, 2566-2613, 2632-2633, 2672-2682, 2686-2688, 2699-2702, 2714-2719, 2725-2728, 2740-2746
/home/travis/virtualenv/python3.4.2/lib/python3.4/site-packages/sqlalchemy/orm/path_registry               139     78    44%   19, 56, 60, 63, 66-70, 73, 77, 80-82, 85-92, 95, 98, 101-102, 109-118, 122, 128, 131-136, 139, 144, 158, 165-167, 174-178, 181, 188-199, 203, 207, 216, 225, 234, 238, 242, 245-248, 258-263, 267, 270, 274-277, 280-281
/home/travis/virtualenv/python3.4.2/lib/python3.4/site-packages/sqlalchemy/orm/persistence                 464    405    13%   38-67, 76-88, 101-121, 136-194, 207, 219-229, 238-280, 296-403, 413-440, 448-474, 482-539, 550-619, 635-656, 665-730, 745-781, 790-820, 837-853, 858, 865-868, 876, 880, 884-892, 895-899, 902-917, 920, 923, 930, 933-954, 965-969, 978-980, 984, 991-996, 999-1000, 1007-1008, 1012, 1019-1024, 1027-1028, 1036-1039, 1043-1064, 1072, 1082-1097, 1105-1113
/home/travis/virtualenv/python3.4.2/lib/python3.4/site-packages/sqlalchemy/orm/properties                   81     35    57%   126, 129, 134-135, 140, 157, 161, 172-175, 183, 191, 196-207, 229-232, 238-242, 249, 252, 255-256, 259
/home/travis/virtualenv/python3.4.2/lib/python3.4/site-packages/sqlalchemy/orm/query                      1090    854    22%   106-108, 111-118, 121-151, 154-157, 160-191, 195-198, 201-216, 219, 228, 234-281, 288, 291, 296-298, 301, 307-310, 313-319, 322-326, 329-335, 338-341, 344, 348, 351-358, 363-367, 370-376, 379-382, 387-390, 400-410, 419-427, 430-433, 445-452, 478-484, 543, 557, 569, 580, 583, 601, 617, 639, 650, 662, 694-699, 748-749, 811-840, 863, 878, 892, 903, 920-937, 944-949, 957, 967-973, 977, 981-999, 1005-1011, 1017-1020, 1048, 1055-1061, 1075, 1087, 1090, 1096-1104, 1125, 1138-1140, 1154, 1183, 1214, 1227-1234, 1262-1270, 1295-1297, 1315-1329, 1336-1342, 1362-1376, 1416, 1426, 1437, 1448, 1459, 1470, 1717-1722, 1733-1738, 1743-1752, 1761-1858, 1867-1931, 1935-2016, 2019-2060, 2063-2064, 2077, 2125, 2210, 2213-2236, 2243-2252, 2261, 2269, 2281-2288, 2312-2315, 2323, 2343-2353, 2367-2374, 2398-2406, 2428-2434, 2437-2441, 2444-2448, 2451-2457, 2495, 2515-2519, 2545, 2549, 2560-2561, 2602, 2642-2643, 2734-2737, 2849-2852, 2855-2898, 2905-2965, 2968-3001, 3013-3021, 3026, 3034-3049, 3056-3065, 3068-3070, 3077-3082, 3087-3100, 3111-3128, 3136, 3140, 3143-3154, 3157, 3161-3177, 3180-3214, 3217-3260, 3263, 3308-3313, 3344-3346, 3349, 3353, 3358-3360, 3372-3375, 3380-3397, 3403-3408, 3413, 3417-3422, 3425-3431, 3434-3435, 3438-3439, 3442-3449, 3456-3530, 3537-3542, 3545-3548, 3551-3553, 3558-3564, 3568, 3571-3580, 3583-3586, 3589, 3600-3626, 3664, 3667-3671
/home/travis/virtualenv/python3.4.2/lib/python3.4/site-packages/sqlalchemy/orm/relationships               785    633    19%   51, 72, 814, 817, 831-835, 881, 884, 897, 901, 904-907, 910-924, 934, 945, 989-1000, 1005-1068, 1111-1117, 1147-1151, 1209-1220, 1223-1253, 1294-1307, 1311-1313, 1318-1333, 1338-1340, 1347, 1357-1415, 1426-1436, 1443-1491, 1494-1507, 1521-1537, 1546, 1549-1556, 1568-1606, 1609-1635, 1641-1658, 1668, 1673, 1677, 1682-1705, 1714-1721, 1727-1787, 1790-1793, 1801-1802, 1806, 1811-1842, 1847-1855, 1877-1903, 1906-1928, 1939-2012, 2024, 2028, 2042-2062, 2065-2069, 2073, 2077, 2085-2091, 2094-2103, 2110-2151, 2162-2182, 2187, 2196-2208, 2215-2220, 2228-2241, 2251-2268, 2278-2295, 2305-2312, 2316, 2334-2347, 2352-2353, 2367-2415, 2422-2490, 2503, 2507-2539, 2544, 2548, 2552, 2556, 2560-2563, 2566-2575, 2578-2579, 2602-2653, 2657-2706, 2716, 2719
/home/travis/virtualenv/python3.4.2/lib/python3.4/site-packages/sqlalchemy/orm/scoping                      63     32    49%   44, 57-71, 86-88, 98-103, 129-142, 150, 159, 162, 173
/home/travis/virtualenv/python3.4.2/lib/python3.4/site-packages/sqlalchemy/orm/session                     782    664    15%   39-44, 55-56, 66, 76, 170-184, 188, 194-223, 227, 230-232, 235-236, 240-247, 250-263, 266-288, 291-302, 305-341, 344-348, 351-379, 382-397, 400-437, 440-446, 449-468, 471, 474-484, 629-670, 690, 709-720, 732, 749-752, 782-788, 801-807, 875-878, 883-890, 1015-1020, 1026, 1039, 1072, 1075-1078, 1087-1092, 1111-1116, 1131, 1185-1223, 1231, 1256-1259, 1262-1274, 1312-1324, 1358-1359, 1396-1400, 1403-1413, 1418-1422, 1437, 1446-1459, 1462-1470, 1473-1521, 1524-1529, 1532-1538, 1550-1558, 1563-1567, 1570-1577, 1585-1616, 1663-1681, 1684-1779, 1782-1783, 1788-1797, 1800-1821, 1824-1827, 1830-1838, 1891-1893, 1896-1898, 1901-1925, 1934-1938, 1945, 1949, 1978-1987, 1990, 1998, 2004-2103, 2171-2193, 2251, 2275, 2301, 2310, 2316, 2397-2406, 2419-2426, 2437, 2440, 2462-2473, 2500-2508, 2518-2523
/home/travis/virtualenv/python3.4.2/lib/python3.4/site-packages/sqlalchemy/orm/state                       255    179    30%   65-69, 83, 99, 112, 124, 136, 142, 159, 165, 182-185, 199, 203, 207, 212, 222, 225, 228-229, 232-238, 241, 256-260, 263-272, 275, 278, 281-283, 286-299, 302-330, 336, 342-345, 358-359, 363-373, 376-401, 404-418, 427-442, 448, 453, 464, 470, 485, 488, 492-529, 541-549, 566, 572-585, 604-605, 615, 626, 645, 664, 678-679, 682-685, 688-691
/home/travis/virtualenv/python3.4.2/lib/python3.4/site-packages/sqlalchemy/orm/strategies                  629    528    16%   41-97, 109-110, 115-118, 123, 132-134, 139-142, 145-152, 161-174, 183-188, 193-213, 216-218, 229-247, 252-288, 295, 298-303, 310-313, 326-328, 338-340, 353-381, 385-399, 415-465, 468-481, 484-535, 538-547, 560-618, 623-650, 657, 660-665, 671, 679, 684-687, 694-695, 698, 708-778, 781-803, 812-849, 853-903, 908-937, 942-947, 950-965, 976, 979-981, 984, 993-994, 999-1028, 1031-1039, 1042-1057, 1069-1070, 1073, 1083-1140, 1149-1196, 1204-1218, 1224-1268, 1275-1374, 1382-1405, 1410-1438, 1444-1471, 1476-1496, 1502-1523
/home/travis/virtualenv/python3.4.2/lib/python3.4/site-packages/sqlalchemy/orm/strategy_options            328    243    26%   82-85, 88-90, 96, 99, 102-109, 112-178, 181-183, 188-195, 199-209, 212-215, 218-220, 223-224, 227-244, 259-261, 266, 269-275, 278-285, 288-296, 299-300, 304-329, 332-347, 350-417, 420-444, 447-470, 481, 549-560, 565, 603-610, 615, 681-684, 689, 695, 731, 736, 741, 757, 762, 767, 789-790, 795, 811, 816, 838, 846, 901, 909, 948, 956, 991, 1000
/home/travis/virtualenv/python3.4.2/lib/python3.4/site-packages/sqlalchemy/orm/sync                         56     48    14%   18-45, 49-62, 66-75, 79-86, 94-104, 109-117
/home/travis/virtualenv/python3.4.2/lib/python3.4/site-packages/sqlalchemy/orm/unitofwork                  325    263    19%   26-104, 109-151, 155, 161, 164-168, 173-175, 182-217, 220, 223-225, 230-248, 251-254, 257-268, 280, 289-290, 293-297, 307-345, 351-372, 382-389, 394-401, 406-409, 412-442, 449-456, 459, 462, 470-473, 477-481, 488, 491, 498-502, 507-508, 511-514, 519-520, 523, 530-543, 548-549, 552, 559-572, 577-579, 582-594, 597, 607-608, 611-617, 623, 631-632, 635-642, 647
/home/travis/virtualenv/python3.4.2/lib/python3.4/site-packages/sqlalchemy/orm/util                        281    213    24%   41, 50, 52, 64, 69, 80-118, 142-182, 242-269, 282-291, 296-300, 353-373, 376-408, 411, 454-472, 484, 488-491, 494, 509, 522, 529-535, 539, 630-637, 708-714, 728, 740, 756-803, 806, 809, 850, 861, 891-897, 914-915, 926-927, 960-963
/home/travis/virtualenv/python3.4.2/lib/python3.4/site-packages/sqlalchemy/pool                            507    390    23%   50-53, 62-64, 83, 86, 89, 210-245, 248-254, 267, 280, 285, 298-302, 314, 327, 337-348, 357-362, 367, 372, 375, 410-417, 436, 440-459, 462-470, 473-474, 490-501, 504-530, 533-534, 537-544, 553-582, 610-612, 644-677, 680, 683-686, 691-712, 716, 723, 738, 755-761, 770, 773, 788-795, 798-800, 822-826, 829-830, 843-853, 856-858, 861, 865, 868-879, 930-935, 938-944, 947-969, 972-980, 983-988, 991-992, 1003-1011, 1014, 1022, 1025, 1028, 1031, 1052, 1055, 1058, 1061-1063, 1073, 1089, 1093, 1096, 1099-1101, 1104-1105, 1115, 1118, 1121, 1141-1145, 1148, 1151-1154, 1157-1159, 1162-1163, 1169-1183, 1208-1212, 1215-1216, 1219, 1222, 1225-1240, 1256, 1261-1265, 1268-1271
/home/travis/virtualenv/python3.4.2/lib/python3.4/site-packages/sqlalchemy/processors                       83     70    16%   23-49, 53-56, 60-125, 135-138, 141-144, 152-155
/home/travis/virtualenv/python3.4.2/lib/python3.4/site-packages/sqlalchemy/schema                            5      0   100%   
/home/travis/virtualenv/python3.4.2/lib/python3.4/site-packages/sqlalchemy/sql/__init__                     15      0   100%   
/home/travis/virtualenv/python3.4.2/lib/python3.4/site-packages/sqlalchemy/sql/annotation                   97     50    48%   32-43, 46-48, 51-53, 56-59, 62-68, 71, 76, 79-87, 90, 93-96, 112-126, 148, 163-165
/home/travis/virtualenv/python3.4.2/lib/python3.4/site-packages/sqlalchemy/sql/base                        271    154    43%   27, 30, 37, 44-46, 56, 59-64, 67-74, 77-83, 86-87, 90, 94, 112-113, 116, 119, 122-125, 128, 131, 187-195, 221, 226, 230-233, 237-246, 267, 277-305, 315-317, 363-375, 379-386, 393, 405-415, 429, 457, 460, 480-484, 487-488, 493, 506, 511, 514, 523-533, 540, 543-545, 549-553, 566-571, 575, 579, 583-585, 607, 610-611, 614, 618-623, 630-644
/home/travis/virtualenv/python3.4.2/lib/python3.4/site-packages/sqlalchemy/sql/compiler                   1373   1130    18%   194-199, 206, 209, 219, 222, 227, 237, 242, 247-252, 258, 266, 269, 280-282, 286, 290, 352-398, 408-412, 415-416, 423, 432, 436, 441-475, 481, 490, 493, 504-531, 536-570, 578, 581, 584, 587, 590, 593-601, 613-631, 634, 637-640, 643-646, 649-658, 671-675, 689-702, 705, 710, 723-724, 728-738, 742, 745, 751, 755-791, 794-815, 819-822, 825-828, 832-847, 850, 854, 858, 862, 867, 870, 874, 877-880, 883-886, 889-894, 897-902, 905-908, 911-914, 917-920, 930-931, 941-942, 952-953, 963-964, 969-970, 978-1019, 1022-1023, 1036-1040, 1044-1054, 1057-1070, 1073, 1076-1079, 1082-1087, 1092-1164, 1169-1189, 1192-1203, 1212-1272, 1278-1281, 1284, 1287, 1290, 1299-1379, 1383-1392, 1405-1420, 1429-1583, 1586-1594, 1597-1607, 1610-1613, 1620, 1623-1627, 1630, 1633, 1638-1645, 1649-1660, 1663, 1672-1763, 1767, 1777, 1790, 1796-1875, 1878-1883, 1887-1919, 1932-2249, 2252-2304, 2307, 2310, 2314, 2322, 2326, 2330, 2333, 2337-2352, 2355-2356, 2359-2363, 2366-2402, 2405-2419, 2425-2432, 2445, 2448, 2451-2452, 2457-2474, 2477-2478, 2482-2502, 2505, 2511-2517, 2520, 2524, 2531-2539, 2542, 2545-2551, 2554-2563, 2566-2573, 2576-2587, 2590-2608, 2613, 2616-2626, 2629-2634, 2637-2645, 2648-2651, 2657, 2660, 2663-2669, 2674-2680, 2685, 2688, 2691, 2694, 2697, 2700, 2703, 2706, 2709, 2713-2718, 2721, 2724, 2727, 2730, 2733, 2736, 2739, 2742, 2745, 2748, 2751, 2754, 2757, 2760, 2763, 2766, 2769, 2772, 2775, 2778, 2781, 2784, 2787, 2790, 2793, 2796, 2801, 2804, 2833-2839, 2848, 2857, 2866, 2872-2873, 2887, 2895-2909, 2912-2916, 2919, 2922, 2925, 2929-2936, 2941-2947, 2952, 2958-2976, 2985-2990, 2994-3005, 3010-3011
/home/travis/virtualenv/python3.4.2/lib/python3.4/site-packages/sqlalchemy/sql/ddl                         245    159    35%   27, 69, 93-99, 132-137, 143, 210-212, 215-230, 233-240, 245-246, 249-252, 258-259, 262, 266-268, 377-387, 390, 409-412, 422, 439-440, 457-459, 476-477, 600, 639-640, 650-652, 658, 665-670, 673-676, 681, 695-715, 721-738, 743-745, 748, 755-760, 763-790, 795-798, 802, 813, 816-829, 834-836, 843-868
/home/travis/virtualenv/python3.4.2/lib/python3.4/site-packages/sqlalchemy/sql/default_comparator          103     78    24%   31, 34-35, 38-39, 67, 73-109, 117-128, 131-136, 139, 142-198, 203, 208-211, 215, 219, 227, 232, 246, 295-311
/home/travis/virtualenv/python3.4.2/lib/python3.4/site-packages/sqlalchemy/sql/dml                         153    106    31%   32-51, 61, 71, 74, 130, 165-168, 183-187, 283-327, 395, 463-469, 472-475, 529-537, 541-543, 668-677, 680-683, 687-688, 696-700, 706-715, 752-764, 767-770, 776-780, 784
/home/travis/virtualenv/python3.4.2/lib/python3.4/site-packages/sqlalchemy/sql/elements                    976    611    37%   29, 45-46, 102-103, 123, 172-186, 199, 211, 242-254, 266, 278-283, 286-288, 295, 302, 319, 322, 332, 347, 350-362, 375, 402, 428, 485-493, 499, 502-505, 514, 523, 526-529, 532, 538, 543-547, 633-638, 641-644, 648, 666, 669, 672, 683, 687, 698-699, 706, 712, 722-744, 762-772, 782, 798-801, 1027-1070, 1076-1083, 1095-1098, 1101-1105, 1108-1110, 1117, 1124-1130, 1133, 1147, 1179, 1183, 1191-1200, 1336-1346, 1419-1439, 1503-1509, 1513, 1517, 1520-1523, 1526, 1530, 1533, 1548, 1554, 1557, 1572, 1575, 1613, 1616, 1631, 1634, 1638-1641, 1679, 1682, 1706, 1711, 1714, 1718, 1721-1725, 1728, 1731, 1735, 1738-1741, 1748-1758, 1765, 1770-1797, 1838, 1870, 1874, 1877-1880, 1883, 1914-1919, 1923, 1926, 2083-2114, 2117-2122, 2125-2131, 2135, 2169, 2243-2245, 2248-2249, 2252, 2256, 2272-2274, 2277, 2280, 2284, 2304-2309, 2349, 2389, 2427, 2464, 2503-2504, 2509-2512, 2516, 2519, 2522, 2528, 2536-2544, 2547-2550, 2556-2560, 2563, 2566, 2589-2601, 2604-2607, 2613, 2617, 2620-2621, 2624, 2630, 2645-2648, 2651-2660, 2669-2670, 2673, 2677, 2681, 2684, 2687, 2691, 2694, 2697, 2700-2701, 2704, 2751-2755, 2759, 2762, 2767-2771, 2775, 2807-2818, 2821, 2825, 2829, 2835, 2838-2844, 2848, 2852, 2855, 2858, 2862, 2865-2870, 2999-3010, 3022-3026, 3030-3033, 3037-3040, 3044, 3047-3084, 3087, 3096-3114, 3124, 3194, 3200, 3204-3207, 3211-3214, 3217-3220, 3233, 3236, 3292, 3294, 3299, 3319, 3326, 3333-3338, 3349-3352, 3356-3362, 3370, 3378, 3388-3389, 3394-3395, 3401, 3415-3417, 3432-3439, 3444, 3450-3459, 3465-3473, 3477, 3482-3485, 3489-3495, 3499-3507, 3511-3523, 3527-3536, 3542-3546, 3551-3562, 3567-3571, 3574-3576, 3581, 3586, 3591, 3595, 3599
/home/travis/virtualenv/python3.4.2/lib/python3.4/site-packages/sqlalchemy/sql/expression                   67      0   100%   
/home/travis/virtualenv/python3.4.2/lib/python3.4/site-packages/sqlalchemy/sql/functions                   170     69    59%   59-60, 66, 87, 95, 117, 121, 124, 127-129, 159, 170-173, 187, 201, 204, 217-227, 230-247, 353-358, 361, 375, 455-463, 483-486, 490, 495, 502-505, 536, 551-553
/home/travis/virtualenv/python3.4.2/lib/python3.4/site-packages/sqlalchemy/sql/naming                       84     49    42%   24-28, 31, 34-38, 41-49, 52, 55, 58-64, 67-73, 76-88, 103, 105, 115, 120, 125, 135, 140, 144
/home/travis/virtualenv/python3.4.2/lib/python3.4/site-packages/sqlalchemy/sql/operators                   199     94    53%   22, 64, 88, 105, 155-159, 185, 193, 217-219, 222, 226, 229, 279, 287, 298, 307, 315, 323, 331, 340, 349, 358, 367, 389, 411, 421, 436, 451, 466, 481, 496, 504, 512, 520, 536, 541, 546, 551, 556, 561, 569, 577, 585, 593, 600, 607, 619, 627, 635, 643, 651, 659, 667, 671, 675, 679, 683, 687, 691, 695, 699, 703, 707, 711, 715, 719, 723, 727, 731, 735, 739, 743, 747, 751, 755, 759, 763, 767, 771, 775, 779, 783, 787, 791, 800, 805, 809, 878-881
/home/travis/virtualenv/python3.4.2/lib/python3.4/site-packages/sqlalchemy/sql/schema                     1024    547    47%   55, 65, 76, 79, 90, 102, 105-108, 360, 364-365, 373-378, 381-382, 387-397, 400, 409-411, 420, 442-443, 452, 467-469, 479, 488-501, 512, 515-549, 555, 559-568, 584, 590, 596, 610, 632, 663-666, 669-670, 678-681, 686-689, 703-705, 719-721, 785-827, 1070, 1078, 1085, 1111, 1114, 1117-1124, 1127-1130, 1133-1136, 1139-1142, 1149, 1152, 1160-1168, 1174-1178, 1181, 1184-1197, 1207, 1211, 1215, 1220-1228, 1236, 1243-1248, 1251, 1274, 1285-1311, 1323-1356, 1359-1364, 1474-1485, 1508, 1526-1538, 1549-1550, 1552, 1559, 1563-1566, 1577, 1588, 1596, 1600-1601, 1616, 1623, 1628, 1643, 1649, 1658, 1666-1667, 1669-1672, 1678, 1690, 1697-1698, 1718-1745, 1749, 1761-1766, 1789-1795, 1797-1802, 1807, 1825, 1828-1832, 1835-1837, 1842-1845, 1896-1902, 1906, 1910, 1914, 1925-1938, 1943-1946, 1950, 2044-2056, 2060, 2064, 2073, 2076-2077, 2080, 2083-2084, 2088-2091, 2096-2098, 2105-2107, 2112, 2145, 2148-2151, 2154-2158, 2161-2165, 2168, 2196-2201, 2204, 2220, 2277-2282, 2291, 2295-2299, 2304, 2306-2307, 2327, 2370-2372, 2375, 2420-2430, 2434-2437, 2441-2457, 2537, 2548, 2563, 2567, 2571-2574, 2580-2581, 2592, 2596, 2600, 2611-2614, 2621, 2624-2630, 2634-2651, 2741-2753, 2756-2757, 2782-2787, 2909-2928, 2931-2951, 2962, 2974-2977, 2989-2991, 2994, 3137-3143, 3160, 3163-3165, 3171, 3174-3180, 3185, 3192-3197, 3202, 3221, 3228, 3236-3238, 3243, 3262, 3324-3380, 3389-3393, 3415-3417, 3442-3444, 3469-3471, 3480, 3486-3498, 3504, 3510-3512
/home/travis/virtualenv/python3.4.2/lib/python3.4/site-packages/sqlalchemy/sql/selectable                  886    597    33%   35-41, 45-50, 66, 109, 121, 171-175, 191, 229, 267, 281, 293, 303, 312, 319-325, 346-350, 355-398, 407, 412, 428-429, 437-439, 446-448, 455-461, 465, 500-506, 537-545, 570, 613, 617, 624, 629, 633-639, 643-653, 656-659, 662, 665-669, 701-785, 805-807, 811, 912-922, 926, 931, 957-970, 974-977, 980-983, 987-989, 992-993, 996-1003, 1009-1016, 1019-1022, 1026, 1030, 1051-1054, 1057, 1065, 1073, 1087, 1090, 1094, 1098, 1102, 1105, 1108, 1112, 1115, 1118, 1122, 1125, 1128, 1131, 1201, 1204, 1211, 1214-1215, 1219, 1228-1232, 1251, 1267, 1283, 1287, 1314-1327, 1331-1338, 1341-1342, 1350-1356, 1381, 1392, 1511, 1523, 1530-1533, 1537, 1573-1595, 1601-1604, 1608, 1649, 1662, 1678, 1695, 1707, 1719, 1731-1736, 1748-1753, 1790-1814, 1834, 1854, 1871, 1888, 1905, 1922, 1926, 1929, 1932-1935, 1938-1960, 1964-1970, 1975-1982, 1985, 1990-1997, 2000, 2030-2034, 2037, 2263-2311, 2319-2339, 2351-2410, 2413-2415, 2421, 2453, 2458, 2472-2473, 2481, 2484-2490, 2505-2534, 2539, 2552, 2578, 2674-2681, 2690, 2698, 2710-2717, 2751, 2809-2813, 2851-2855, 2868-2869, 2881-2887, 2898-2899, 2913-2914, 2928-2929, 2940-2942, 2946-2965, 2972-2984, 2989-3001, 3012-3014, 3020, 3027, 3033, 3040, 3047, 3054, 3057-3072, 3075, 3084-3085, 3089, 3100, 3103, 3132-3139, 3143, 3146-3148, 3151-3153, 3161-3163, 3170-3172, 3201-3202, 3206, 3210, 3213-3214, 3217-3218, 3221, 3229-3230
/home/travis/virtualenv/python3.4.2/lib/python3.4/site-packages/sqlalchemy/sql/sqltypes                    526    291    45%   26, 41, 47-48, 65-72, 161, 171-174, 177-202, 205-225, 229-232, 235, 348-350, 360, 364, 367-369, 375, 522-527, 530, 533-535, 539-542, 545-548, 551-573, 577, 657-661, 665-670, 674, 720, 724, 728, 746, 750, 754, 787, 791, 795, 815-818, 822, 827-837, 843-854, 857-861, 866-869, 872, 909-911, 939-953, 960, 963-985, 992, 995-1001, 1009, 1014-1018, 1023-1027, 1030-1032, 1035-1037, 1040-1042, 1045-1047, 1125-1144, 1147, 1153, 1158-1167, 1170-1182, 1217-1220, 1223, 1228-1241, 1244-1257, 1260-1263, 1292, 1296-1305, 1309, 1312-1318, 1321-1324, 1327-1330, 1379-1382, 1390, 1393-1405, 1408-1421, 1425, 1448, 1453, 1513, 1639-1641, 1646-1650, 1675-1676
/home/travis/virtualenv/python3.4.2/lib/python3.4/site-packages/sqlalchemy/sql/type_api                    262    172    34%   53, 89, 102, 116, 132, 154, 165, 192, 203, 209, 218, 237, 267, 274-281, 288-291, 295-300, 305-310, 315-323, 330-339, 342, 352, 373-378, 381, 395-398, 402-407, 410-414, 417, 458-467, 487, 592, 622-623, 627-628, 633-636, 645-660, 667, 681-687, 701, 706, 722, 746, 773, 785, 795, 819-841, 862-875, 886, 909-923, 941, 953-955, 964, 979, 982, 1006-1007, 1010-1013, 1028-1034, 1039, 1043, 1048, 1057-1075
/home/travis/virtualenv/python3.4.2/lib/python3.4/site-packages/sqlalchemy/sql/util                        287    219    24%   50-56, 94-116, 128, 131, 134, 137, 141-143, 155-168, 180-184, 188-195, 201, 220-226, 230-234, 244-245, 248-258, 267-281, 285-306, 337-360, 363-376, 385-428, 442-446, 449, 452, 455, 458, 492-505, 509-521, 526-536, 552-557, 560-566, 572-575, 578-594, 597, 600-602, 605-606
/home/travis/virtualenv/python3.4.2/lib/python3.4/site-packages/sqlalchemy/sql/visitors                    132     79    40%   75-80, 86-92, 117-120, 127, 132, 136-141, 147-150, 158-160, 174, 179, 196, 201-206, 220, 229-236, 264, 271-288, 295-315
/home/travis/virtualenv/python3.4.2/lib/python3.4/site-packages/sqlalchemy/types                             4      0   100%   
/home/travis/virtualenv/python3.4.2/lib/python3.4/site-packages/sqlalchemy/util/__init__                     8      0   100%   
/home/travis/virtualenv/python3.4.2/lib/python3.4/site-packages/sqlalchemy/util/_collections               550    311    43%   58-63, 74, 89, 100, 105, 124, 130-132, 135, 151, 160, 163, 166, 169, 172-175, 183, 186, 192, 195, 198, 201, 204, 207, 229-231, 234-235, 238, 241, 249-250, 253, 255, 258-262, 265, 268, 277-284, 290-293, 301-305, 308-310, 321-323, 326-327, 330-332, 335-337, 340-341, 344, 350, 353, 367-369, 380-383, 394-397, 402-405, 410-412, 428-431, 434, 437, 440, 443-446, 449-453, 456, 459, 462-465, 468-471, 474-481, 484-486, 489-491, 494-502, 505-507, 510-512, 515-520, 523-525, 528, 531-534, 537-542, 545-547, 550, 553-556, 559-564, 567-569, 572, 575-578, 581-587, 590, 593-595, 598, 601-604, 607, 612, 615, 618, 621, 631, 634, 637, 644-649, 661-665, 680-681, 694-700, 713-720, 723-726, 729, 733-736, 749-754, 758-763, 769-773, 781-786, 796-798, 801-802, 805-807, 810, 813-817, 820-826, 829-840, 874-878, 883, 888, 893-896, 906-907, 910-914, 917, 920, 923-926, 932-933
/home/travis/virtualenv/python3.4.2/lib/python3.4/site-packages/sqlalchemy/util/compat                     173     98    43%   14-15, 33-36, 42, 70, 73, 76, 81-82, 85, 102, 105-163, 168, 178-182, 185-199, 204-208, 241-262
/home/travis/virtualenv/python3.4.2/lib/python3.4/site-packages/sqlalchemy/util/deprecations                66      7    89%   18, 22, 46, 80, 105-106, 130
/home/travis/virtualenv/python3.4.2/lib/python3.4/site-packages/sqlalchemy/util/langhelpers                629    336    47%   27-31, 53, 57-63, 72-77, 92, 100, 173-192, 197-202, 217-239, 247-257, 268, 280-307, 362, 365-369, 380, 398, 402-405, 417-423, 432-435, 443-503, 513-514, 517, 533-564, 587-622, 628, 665-710, 751-764, 893, 908, 912-913, 923-931, 940-943, 950-952, 961-965, 975-977, 988-992, 1005-1009, 1019-1026, 1033-1038, 1046-1068, 1098-1101, 1117, 1120, 1184-1187, 1204-1207, 1214-1221, 1241-1247
/home/travis/virtualenv/python3.4.2/lib/python3.4/site-packages/sqlalchemy/util/queue                       88     64    27%   48-59, 64-67, 73-76, 82-85, 100-120, 128, 141-162, 171, 179-180, 183, 187, 191, 195, 199
/home/travis/virtualenv/python3.4.2/lib/python3.4/site-packages/sqlalchemy/util/topological                 46     38    17%   18-38, 47-49, 56-89, 93
/home/travis/virtualenv/python3.4.2/lib/python3.4/site-packages/werkzeug/__init__                           29      8    72%   119-122, 124, 129-133
/home/travis/virtualenv/python3.4.2/lib/python3.4/site-packages/werkzeug/_compat                           146    106    27%   6-7, 15-111, 129, 132-134, 150-152, 158-164, 169, 172, 175-177, 180-186, 189-191, 196-202
/home/travis/virtualenv/python3.4.2/lib/python3.4/site-packages/werkzeug/_internal                         235    185    21%   60, 63, 69-72, 78-87, 92-151, 158-167, 185-196, 199-203, 206-208, 211, 218-231, 235-267, 272-286, 291-305, 312-328, 332-339, 350-412
/home/travis/virtualenv/python3.4.2/lib/python3.4/site-packages/werkzeug/datastructures                   1284    890    31%   28, 35-47, 53-65, 79-82, 85, 88, 91, 94, 98, 101, 104, 108, 111, 114, 117, 120, 132, 149-151, 154, 157, 160-163, 166, 169, 172, 175, 178, 181, 184, 196, 199, 202, 205, 208, 211, 214, 229-232, 237-241, 244-251, 290-296, 311, 314, 360-375, 378, 381-382, 391-393, 401, 411, 425-437, 455, 465-469, 488-493, 503-508, 514-515, 518, 524-525, 536, 540, 544, 556-558, 562-563, 579-584, 588-592, 602, 606-609, 612, 615, 618, 630-639, 642-649, 670-673, 676-698, 701, 704, 707, 710-712, 715-717, 720-721, 724, 727, 732, 735-746, 749-755, 758-759, 762, 765-777, 780-782, 785, 789-790, 793-796, 799-807, 810-816, 819-825, 829, 834-838, 876-881, 884-900, 903, 907, 935-946, 964-976, 984, 987-990, 993-994, 997-998, 1004-1013, 1016-1024, 1031, 1042-1053, 1057, 1061-1065, 1071, 1074, 1092-1096, 1099-1102, 1111, 1115, 1132-1149, 1159-1162, 1166-1176, 1180-1183, 1193-1195, 1198, 1201, 1205-1209, 1212, 1229, 1232, 1236, 1240, 1243, 1246, 1249, 1252, 1267, 1270, 1275-1278, 1283, 1286-1292, 1296, 1324, 1327, 1331, 1335-1338, 1341-1349, 1352-1355, 1364-1367, 1370, 1375-1382, 1385-1386, 1389-1393, 1396, 1400, 1412-1415, 1418, 1421-1424, 1429, 1449-1461, 1471, 1484, 1498, 1501, 1511, 1518, 1521, 1555-1566, 1570, 1577-1579, 1588-1591, 1594-1597, 1600, 1614-1619, 1626-1629, 1633-1634, 1638-1643, 1646, 1656-1666, 1671-1672, 1681-1698, 1709, 1718, 1726, 1733-1735, 1742-1747, 1797-1799, 1803-1814, 1818-1829, 1833-1834, 1838, 1841, 1844, 1905-1906, 1909, 1929-1931, 1935, 1947-1956, 1963-1971, 1978-1981, 1988-1992, 2000-2003, 2007-2010, 2021-2023, 2027, 2030, 2033-2036, 2039-2044, 2047, 2050, 2053, 2056, 2059, 2062, 2074-2076, 2081-2084, 2088, 2092, 2099-2101, 2107-2110, 2114-2116, 2122-2129, 2132, 2135, 2138, 2141, 2144, 2158-2160, 2164-2168, 2171, 2174, 2187-2190, 2197-2205, 2211-2213, 2217-2223, 2226, 2229, 2239-2242, 2246, 2248-2250, 2265-2272, 2278, 2281-2289, 2297, 2302, 2305, 2322-2323, 2360-2365, 2375-2378, 2382-2385, 2390-2405, 2409-2411, 2418, 2421, 2437-2440, 2445-2450, 2483-2485, 2487-2490, 2513-2540, 2543-2544, 2550, 2555, 2566-2567, 2577-2578, 2594-2603, 2607-2610, 2613, 2617, 2620, 2623
/home/travis/virtualenv/python3.4.2/lib/python3.4/site-packages/werkzeug/exceptions                        172     33    81%   86-89, 98-99, 107, 111, 115, 128, 139-144, 153-154, 157, 160, 256-257, 260-263, 577, 598, 601-605
/home/travis/virtualenv/python3.4.2/lib/python3.4/site-packages/werkzeug/formparser                        246    197    20%   41-43, 90, 98-108, 144-154, 157, 165-168, 182-198, 202-211, 215-221, 233, 240-244, 256-274, 287-304, 311-313, 320-326, 329, 332-335, 339-343, 346-356, 359, 362-365, 384-469, 475-511, 516-520
/home/travis/virtualenv/python3.4.2/lib/python3.4/site-packages/werkzeug/http                              373    315    16%   140-142, 146-150, 163-170, 182-196, 205-213, 231-244, 269-274, 303-315, 334-348, 367-381, 401-405, 433-435, 447-470, 483-490, 500-506, 517-549, 564-594, 603-608, 622-631, 640-660, 665, 682-698, 703-709, 730, 744, 757-782, 798-799, 811, 823, 834, 856-877, 919-966, 974-982
/home/travis/virtualenv/python3.4.2/lib/python3.4/site-packages/werkzeug/local                             210     98    53%   47, 58, 62, 65, 68-71, 74-79, 82-85, 119, 124, 129-134, 138-142, 148-155, 162-165, 186-197, 210, 216-217, 223-225, 240, 243, 296-301, 305-308, 311-315, 318-321, 324-327, 330-333, 336-338, 341, 344, 347-353, 404
/home/travis/virtualenv/python3.4.2/lib/python3.4/site-packages/werkzeug/routing                           595    376    37%   148-157, 161-176, 193, 200, 205-208, 228-229, 232, 243, 252-255, 273, 296-297, 300-304, 322-323, 326-330, 347-348, 351-355, 378, 381, 392-393, 396-410, 540, 552, 561, 574, 588-591, 606, 615, 630, 638, 657, 674, 677, 696-725, 733-758, 765, 776-795, 811, 818, 822, 826, 829, 833-841, 859, 862, 884-896, 911-912, 936-939, 942-948, 951-954, 991, 1007, 1010, 1081, 1087, 1102-1107, 1116-1119, 1158-1168, 1205-1245, 1254-1264, 1267-1268, 1278-1288, 1334-1343, 1423-1483, 1494-1500, 1507-1513, 1520-1529, 1537-1548, 1552-1554, 1561-1564, 1574-1580, 1589-1601, 1666-1688
/home/travis/virtualenv/python3.4.2/lib/python3.4/site-packages/werkzeug/urls                              412    338    18%   54, 62, 71-74, 81-86, 93, 100-102, 109, 116-118, 125, 132, 139, 146, 150-163, 173, 184, 204-242, 245-247, 250-255, 258-275, 291, 295-307, 313, 331, 335, 341, 351-368, 372-382, 386-390, 406-438, 452-467, 478, 488-509, 522-525, 541-545, 564-575, 601-607, 653-672, 716-722, 756-762, 767-782, 807-808, 831-838, 849-906, 961-966, 969-974, 977-995
/home/travis/virtualenv/python3.4.2/lib/python3.4/site-packages/werkzeug/utils                             242    181    25%   19-20, 67-73, 100, 107, 155, 158-196, 199, 219-224, 239-244, 271-289, 303-314, 323-335, 358-375, 386-390, 409-434, 455-469, 516-522, 537-555, 562-565, 581-608, 611
/home/travis/virtualenv/python3.4.2/lib/python3.4/site-packages/werkzeug/wrappers                          568    372    35%   56-57, 64-66, 74-75, 81-85, 210-213, 219-226, 238, 259-266, 287-291, 314, 324, 332, 349-368, 377-380, 389-391, 394, 397, 412-413, 427, 433-442, 469-478, 488-489, 494-499, 516-517, 522, 531, 539-541, 546, 551-553, 560, 568, 577, 585, 593, 607-612, 617, 752-784, 794-795, 798-802, 837-843, 859, 862, 864-868, 874, 876-881, 898-902, 913-919, 928-932, 941-955, 965-972, 981-985, 1006, 1019, 1031-1035, 1045, 1054-1057, 1060, 1063, 1075-1076, 1102-1167, 1183-1193, 1208-1210, 1220-1222, 1237, 1244, 1253, 1264, 1279-1280, 1289, 1297, 1302, 1307, 1317, 1327, 1339-1340, 1352-1353, 1386-1391, 1414-1429, 1433-1434, 1438, 1444, 1451-1453, 1464-1476, 1478-1483, 1503-1504, 1507-1511, 1514-1515, 1518, 1521-1522, 1525-1527, 1531, 1543, 1567, 1600-1601, 1611-1612, 1620-1621, 1631, 1641-1643, 1646, 1649-1653, 1717-1722, 1724-1732, 1743-1748, 1750-1755, 1785-1791
/home/travis/virtualenv/python3.4.2/lib/python3.4/site-packages/werkzeug/wsgi                              448    380    15%   40, 79-91, 105-128, 144-157, 168-173, 190-207, 220-224, 240-241, 257-258, 288-310, 334-336, 378-425, 486-504, 511, 514, 521, 524-545, 548-556, 559-561, 568-619, 633-634, 637-650, 676-687, 690, 693, 696-697, 716, 739-740, 743-744, 747, 750-753, 758-773, 801-843, 864-895, 934-937, 940, 945, 954, 962-963, 973-978, 985-997, 1001-1014, 1022-1036, 1043, 1046-1049
app/models/models                                                                                          286    172    40%   72, 75-82, 85-98, 101-110, 113, 116, 145, 148, 151, 154, 172, 175, 178, 207, 210, 213-215, 218-220, 224-261, 264-286, 289-310, 313-338, 373-378, 381-386, 389-394, 397-402, 411-416, 419-424
app/models/models_test                                                                                     143    142     1%   3-171
--------------------------------------------------------------------------------------------------------------------------------------
TOTAL                                                                                                    35525  24386    31%   
